<?xml version="1.0" encoding="UTF-8"?>
<!-- Generated by org.testng.reporters.JUnitReportReporter -->
<testsuite hostname="DESKTOP-MO21HNP" failures="0" tests="3" name="TestNG.example6_sample1" time="0.015" errors="0" timestamp="2022-12-16T10:26:13 PST" skipped="0">
  <testcase classname="TestNG.example6_sample1" name="TC2" time="0.002"/>
  <system-out>
    <![CDATA[---running TC2---]]>
  </system-out>
  <testcase classname="TestNG.example6_sample1" name="TC1" time="0.011"/>
  <system-out>
    <![CDATA[---running TC1---]]>
  </system-out>
  <testcase classname="TestNG.example6_sample1" name="TC3" time="0.002"/>
  <system-out>
    <![CDATA[running TC3]]>
  </system-out>
</testsuite> <!-- TestNG.example6_sample1 -->
