<?xml version="1.0" encoding="UTF-8"?>
<!-- Generated by org.testng.reporters.JUnitReportReporter -->
<testsuite hostname="DESKTOP-MO21HNP" failures="0" tests="3" name="MockTestNG.Parallel_Sample1" time="0.021" errors="0" timestamp="2022-12-29T15:46:25 PST" skipped="0">
  <testcase classname="MockTestNG.Parallel_Sample1" name="TC1" time="0.015"/>
  <system-out>
    <![CDATA[---Running TC1---]]>
  </system-out>
  <testcase classname="MockTestNG.Parallel_Sample1" name="TC2" time="0.003"/>
  <system-out>
    <![CDATA[---Running TC2---]]>
  </system-out>
  <testcase classname="MockTestNG.Parallel_Sample1" name="TC3" time="0.003"/>
  <system-out>
    <![CDATA[---Running TC3---]]>
  </system-out>
</testsuite> <!-- MockTestNG.Parallel_Sample1 -->
