<?xml version="1.0" encoding="UTF-8"?>
<!-- Generated by org.testng.reporters.JUnitReportReporter -->
<testsuite hostname="DESKTOP-MO21HNP" failures="0" tests="3" name="MockTestNG.Enabled" time="0.013" errors="0" timestamp="2022-12-29T14:23:56 PST" skipped="1">
  <testcase classname="MockTestNG.Enabled" name="TC3" time="0.003"/>
  <system-out>
    <![CDATA[---Running TC3---]]>
  </system-out>
  <testcase classname="MockTestNG.Enabled" name="TC1" time="0.010"/>
  <system-out>
    <![CDATA[---Running TC1---]]>
  </system-out>
  <testcase classname="MockTestNG.Enabled" name="TC2">
    <skipped/>
  </testcase> <!-- TC2 -->
  <system-out/>
</testsuite> <!-- MockTestNG.Enabled -->
