<?xml version="1.0" encoding="UTF-8"?>
<!-- Generated by org.testng.reporters.JUnitReportReporter -->
<testsuite hostname="DESKTOP-MO21HNP" failures="0" tests="3" name="TestNG.example33_EmailableReport" time="0.014" errors="0" timestamp="2022-12-12T22:26:41 PST" skipped="0">
  <testcase classname="TestNG.example33_EmailableReport" name="TC2" time="0.002"/>
  <system-out>
    <![CDATA[running test case 2]]>
  </system-out>
  <testcase classname="TestNG.example33_EmailableReport" name="TC1" time="0.010"/>
  <system-out>
    <![CDATA[running test case 1---]]>
  </system-out>
  <testcase classname="TestNG.example33_EmailableReport" name="TC3" time="0.002"/>
  <system-out>
    <![CDATA[running test case 3]]>
  </system-out>
</testsuite> <!-- TestNG.example33_EmailableReport -->
