<?xml version="1.0" encoding="UTF-8"?>
<!-- Generated by org.testng.reporters.JUnitReportReporter -->
<testsuite hostname="DESKTOP-MO21HNP" failures="0" tests="2" name="TestNG.example111_NormalTestNG" time="0.013" errors="0" timestamp="2022-12-13T11:47:38 PST" skipped="0">
  <testcase classname="TestNG.example111_NormalTestNG" name="Tc1" time="0.002"/>
  <system-out>
    <![CDATA[--running m1 successfully--]]>
  </system-out>
  <testcase classname="TestNG.example111_NormalTestNG" name="TC2" time="0.011"/>
  <system-out>
    <![CDATA[--running m2 successfully--]]>
  </system-out>
</testsuite> <!-- TestNG.example111_NormalTestNG -->
