<?xml version="1.0" encoding="UTF-8"?>
<!-- Generated by org.testng.reporters.JUnitReportReporter -->
<testsuite hostname="DESKTOP-MO21HNP" failures="0" tests="3" name="TestNG.example3_EmailableReport" time="0.017" errors="0" timestamp="2022-12-27T17:05:20 PST" skipped="0">
  <testcase classname="TestNG.example3_EmailableReport" name="TC2" time="0.002"/>
  <system-out>
    <![CDATA[---running test case2---]]>
  </system-out>
  <testcase classname="TestNG.example3_EmailableReport" name="TC1" time="0.012"/>
  <system-out>
    <![CDATA[---running test case1---]]>
  </system-out>
  <testcase classname="TestNG.example3_EmailableReport" name="TC3" time="0.003"/>
  <system-out>
    <![CDATA[---running test case3---]]>
  </system-out>
</testsuite> <!-- TestNG.example3_EmailableReport -->
