<?xml version="1.0" encoding="UTF-8"?>
<!-- Generated by org.testng.reporters.JUnitReportReporter -->
<testsuite hostname="DESKTOP-MO21HNP" failures="0" tests="1" name="MockTestNG.Disabled_TestCases_By_using_Include" time="0.010" errors="0" timestamp="2022-12-29T15:05:54 PST" skipped="0">
  <testcase classname="MockTestNG.Disabled_TestCases_By_using_Include" name="TC2" time="0.010"/>
  <system-out>
    <![CDATA[---Running TC2---]]>
  </system-out>
</testsuite> <!-- MockTestNG.Disabled_TestCases_By_using_Include -->
