<?xml version="1.0" encoding="UTF-8"?>
<!-- Generated by org.testng.reporters.JUnitReportReporter -->
<testsuite hostname="DESKTOP-MO21HNP" failures="0" tests="2" name="TestNG.example11_MultiBrowserTesting1" time="95.979" errors="0" timestamp="2022-12-22T08:26:36 PST" skipped="0">
  <testcase classname="TestNG.example11_MultiBrowserTesting1" name="OpenApp" time="53.224"/>
  <system-out/>
  <testcase classname="TestNG.example11_MultiBrowserTesting1" name="OpenApp" time="42.755"/>
  <system-out/>
</testsuite> <!-- TestNG.example11_MultiBrowserTesting1 -->
