<?xml version="1.0" encoding="UTF-8"?>
<!-- Generated by org.testng.reporters.JUnitReportReporter -->
<testsuite hostname="DESKTOP-MO21HNP" failures="0" tests="3" name="MockTestNG.TimeOut" time="1.031" errors="0" timestamp="2022-12-29T14:38:04 PST" skipped="0">
  <testcase classname="MockTestNG.TimeOut" name="TC1" time="1.023"/>
  <system-out>
    <![CDATA[---Running TC1---]]>
  </system-out>
  <testcase classname="MockTestNG.TimeOut" name="TC2" time="0.004"/>
  <system-out>
    <![CDATA[---Running TC2---]]>
  </system-out>
  <testcase classname="MockTestNG.TimeOut" name="TC3" time="0.004"/>
  <system-out>
    <![CDATA[---Running TC3---]]>
  </system-out>
</testsuite> <!-- MockTestNG.TimeOut -->
