<?xml version="1.0" encoding="UTF-8"?>
<!-- Generated by org.testng.reporters.JUnitReportReporter -->
<testsuite hostname="DESKTOP-MO21HNP" failures="0" tests="3" name="TestNG.example6_Sample2" time="0.010" errors="0" timestamp="2022-12-16T10:26:13 PST" skipped="0">
  <testcase classname="TestNG.example6_Sample2" name="TC4" time="0.002"/>
  <system-out>
    <![CDATA[---running TC4---]]>
  </system-out>
  <testcase classname="TestNG.example6_Sample2" name="TC5" time="0.002"/>
  <system-out>
    <![CDATA[---running TC5]]>
  </system-out>
  <testcase classname="TestNG.example6_Sample2" name="TC6" time="0.006"/>
  <system-out>
    <![CDATA[---running TC6---]]>
  </system-out>
</testsuite> <!-- TestNG.example6_Sample2 -->
