<?xml version="1.0" encoding="UTF-8"?>
<!-- Generated by org.testng.reporters.JUnitReportReporter -->
<testsuite hostname="DESKTOP-MO21HNP" failures="0" tests="7" name="MockTestNG.InvocationCount" time="0.035" errors="0" timestamp="2022-12-29T14:21:49 PST" skipped="0">
  <testcase classname="MockTestNG.InvocationCount" name="TC1" time="0.012"/>
  <system-out>
    <![CDATA[---Running TC1---]]>
  </system-out>
  <testcase classname="MockTestNG.InvocationCount" name="TC2" time="0.003"/>
  <system-out>
    <![CDATA[---Running TC2---]]>
  </system-out>
  <testcase classname="MockTestNG.InvocationCount" name="TC2" time="0.004"/>
  <system-out>
    <![CDATA[---Running TC2---]]>
  </system-out>
  <testcase classname="MockTestNG.InvocationCount" name="TC1" time="0.003"/>
  <system-out>
    <![CDATA[---Running TC1---]]>
  </system-out>
  <testcase classname="MockTestNG.InvocationCount" name="TC2" time="0.003"/>
  <system-out>
    <![CDATA[---Running TC2---]]>
  </system-out>
  <testcase classname="MockTestNG.InvocationCount" name="TC3" time="0.008"/>
  <system-out>
    <![CDATA[---Running TC3---]]>
  </system-out>
  <testcase classname="MockTestNG.InvocationCount" name="TC3" time="0.002"/>
  <system-out>
    <![CDATA[---Running TC3---]]>
  </system-out>
</testsuite> <!-- MockTestNG.InvocationCount -->
