<?xml version="1.0" encoding="UTF-8"?>
<!-- Generated by org.testng.reporters.JUnitReportReporter -->
<testsuite hostname="DESKTOP-MO21HNP" failures="0" tests="2" name="TestNG.example44_TestNGAnnotation" time="0.017" errors="0" timestamp="2022-12-15T09:06:30 PST" skipped="0">
  <testcase classname="TestNG.example44_TestNGAnnotation" name="verifyName" time="0.009"/>
  <system-out>
    <![CDATA[---Verify Name---]]>
  </system-out>
  <testcase classname="TestNG.example44_TestNGAnnotation" name="VerifyName" time="0.008"/>
  <system-out>
    <![CDATA[---Verify Name---]]>
  </system-out>
</testsuite> <!-- TestNG.example44_TestNGAnnotation -->
