<?xml version="1.0" encoding="UTF-8"?>
<!-- Generated by org.testng.reporters.JUnitReportReporter -->
<testsuite hostname="DESKTOP-MO21HNP" failures="0" tests="1" name="POM_DDF_WithTestNG.PBTestClass" time="17.243" errors="0" timestamp="2022-12-23T11:46:09 PST" skipped="0">
  <testcase classname="POM_DDF_WithTestNG.PBTestClass" name="VerifyProfileName" time="17.243"/>
  <system-out/>
</testsuite> <!-- POM_DDF_WithTestNG.PBTestClass -->
