<?xml version="1.0" encoding="UTF-8"?>
<!-- Generated by org.testng.reporters.JUnitReportReporter -->
<testsuite hostname="DESKTOP-MO21HNP" failures="0" tests="1" name="POM2_DDF_TestNG_Base_UtilityClass.PB12TestClass" time="11.834" errors="0" timestamp="2022-12-24T18:35:17 PST" skipped="0">
  <testcase classname="POM2_DDF_TestNG_Base_UtilityClass.PB12TestClass" name="VerifyName" time="11.834"/>
  <system-out/>
</testsuite> <!-- POM2_DDF_TestNG_Base_UtilityClass.PB12TestClass -->
