<?xml version="1.0" encoding="UTF-8"?>
<!-- Generated by org.testng.reporters.JUnitReportReporter -->
<testsuite hostname="DESKTOP-MO21HNP" failures="0" tests="2" name="TestNG.example5_Keyword5_dependsOnMethod1" time="0.012" errors="0" timestamp="2022-12-15T21:59:06 PST" skipped="0">
  <testcase classname="TestNG.example5_Keyword5_dependsOnMethod1" name="login" time="0.010"/>
  <system-out>
    <![CDATA[---running login TC---]]>
  </system-out>
  <testcase classname="TestNG.example5_Keyword5_dependsOnMethod1" name="logout" time="0.002"/>
  <system-out>
    <![CDATA[---running logout TC---]]>
  </system-out>
</testsuite> <!-- TestNG.example5_Keyword5_dependsOnMethod1 -->
