<?xml version="1.0" encoding="UTF-8"?>
<!-- Generated by org.testng.reporters.JUnitReportReporter -->
<testsuite hostname="DESKTOP-MO21HNP" failures="0" tests="3" name="TestNG.example6_Keyword2_enabled" time="0.009" errors="0" timestamp="2022-12-14T18:08:08 PST" skipped="2">
  <testcase classname="TestNG.example6_Keyword2_enabled" name="TC2" time="0.009"/>
  <system-out>
    <![CDATA[running TC2]]>
  </system-out>
  <testcase classname="TestNG.example6_Keyword2_enabled" name="TC3">
    <skipped/>
  </testcase> <!-- TC3 -->
  <system-out/>
  <testcase classname="TestNG.example6_Keyword2_enabled" name="TC1">
    <skipped/>
  </testcase> <!-- TC1 -->
  <system-out/>
</testsuite> <!-- TestNG.example6_Keyword2_enabled -->
