<?xml version="1.0" encoding="UTF-8"?>
<!-- Generated by org.testng.reporters.JUnitReportReporter -->
<testsuite hostname="DESKTOP-MO21HNP" failures="0" tests="2" name="WebElement.Multi_Browser_Testing" time="54.880" errors="0" timestamp="2023-01-29T14:33:22 PST" skipped="0">
  <testcase classname="WebElement.Multi_Browser_Testing" name="Open_Browser" time="25.031"/>
  <system-out/>
  <testcase classname="WebElement.Multi_Browser_Testing" name="Open_Browser" time="29.849"/>
  <system-out/>
</testsuite> <!-- WebElement.Multi_Browser_Testing -->
