<?xml version="1.0" encoding="UTF-8"?>
<!-- Generated by org.testng.reporters.JUnitReportReporter -->
<testsuite hostname="DESKTOP-MO21HNP" failures="0" tests="2" name="MockTestNG.Group2" time="0.011" errors="0" timestamp="2022-12-29T15:28:29 PST" skipped="0">
  <testcase classname="MockTestNG.Group2" name="TC6" time="0.002"/>
  <system-out>
    <![CDATA[---Running TC6---]]>
  </system-out>
  <testcase classname="MockTestNG.Group2" name="TC4" time="0.009"/>
  <system-out>
    <![CDATA[---Running TC4---]]>
  </system-out>
</testsuite> <!-- MockTestNG.Group2 -->
