<?xml version="1.0" encoding="UTF-8"?>
<!-- Generated by org.testng.reporters.JUnitReportReporter -->
<testsuite hostname="DESKTOP-MO21HNP" failures="0" tests="3" name="TestNG.example5_Keyword3_priority1" time="0.012" errors="0" timestamp="2022-12-14T18:17:04 PST" skipped="0">
  <testcase classname="TestNG.example5_Keyword3_priority1" name="TC1" time="0.009"/>
  <system-out>
    <![CDATA[---running TC1---]]>
  </system-out>
  <testcase classname="TestNG.example5_Keyword3_priority1" name="TC3" time="0.001"/>
  <system-out>
    <![CDATA[running TC3---]]>
  </system-out>
  <testcase classname="TestNG.example5_Keyword3_priority1" name="TC2" time="0.002"/>
  <system-out>
    <![CDATA[---running TC2---]]>
  </system-out>
</testsuite> <!-- TestNG.example5_Keyword3_priority1 -->
