<?xml version="1.0" encoding="UTF-8"?>
<!-- Generated by org.testng.reporters.JUnitReportReporter -->
<testsuite hostname="DESKTOP-MO21HNP" failures="0" tests="1" name="TestNG.example6_AssertClass1_assertEquals" time="0.012" errors="0" timestamp="2022-12-17T09:06:53 PST" skipped="0">
  <testcase classname="TestNG.example6_AssertClass1_assertEquals" name="assertEquals" time="0.012"/>
  <system-out/>
</testsuite> <!-- TestNG.example6_AssertClass1_assertEquals -->
