<?xml version="1.0" encoding="UTF-8"?>
<!-- Generated by org.testng.reporters.JUnitReportReporter -->
<testsuite hostname="DESKTOP-MO21HNP" failures="0" tests="2" name="TestNG.example444_TestNGAnnotations" time="0.012" errors="0" timestamp="2022-12-16T09:44:18 PST" skipped="0">
  <testcase classname="TestNG.example444_TestNGAnnotations" name="TC2" time="0.004"/>
  <system-out>
    <![CDATA[---running TC2---]]>
  </system-out>
  <testcase classname="TestNG.example444_TestNGAnnotations" name="TC1" time="0.008"/>
  <system-out>
    <![CDATA[---running TC1---]]>
  </system-out>
</testsuite> <!-- TestNG.example444_TestNGAnnotations -->
