<?xml version="1.0" encoding="UTF-8"?>
<!-- Generated by org.testng.reporters.JUnitReportReporter -->
<testsuite hostname="DESKTOP-MO21HNP" failures="0" tests="1" name="TestNG.example10_Parallel2" time="25.649" errors="0" timestamp="2022-12-20T11:08:45 PST" skipped="0">
  <testcase classname="TestNG.example10_Parallel2" name="openFacebookApp" time="25.649"/>
  <system-out/>
</testsuite> <!-- TestNG.example10_Parallel2 -->
