<?xml version="1.0" encoding="UTF-8"?>
<!-- Generated by org.testng.reporters.JUnitReportReporter -->
<testsuite hostname="DESKTOP-MO21HNP" failures="0" tests="1" name="TestNG.example8_Sample4" time="0.008" errors="0" timestamp="2022-12-19T10:13:49 PST" skipped="0">
  <testcase classname="TestNG.example8_Sample4" name="TC6" time="0.008"/>
  <system-out>
    <![CDATA[running TC6]]>
  </system-out>
</testsuite> <!-- TestNG.example8_Sample4 -->
