<?xml version="1.0" encoding="UTF-8"?>
<!-- Generated by org.testng.reporters.JUnitReportReporter -->
<testsuite hostname="DESKTOP-MO21HNP" failures="0" tests="1" name="TestNG.example8_Sample1" time="0.003" errors="0" timestamp="2022-12-19T09:37:26 PST" skipped="0">
  <testcase classname="TestNG.example8_Sample1" name="TC2" time="0.003"/>
  <system-out>
    <![CDATA[running TC2]]>
  </system-out>
</testsuite> <!-- TestNG.example8_Sample1 -->
