<?xml version="1.0" encoding="UTF-8"?>
<!-- Generated by org.testng.reporters.JUnitReportReporter -->
<testsuite hostname="DESKTOP-MO21HNP" failures="0" tests="1" name="TestNG.example6_softAssertClass2" time="0.016" errors="0" timestamp="2022-12-19T08:45:44 PST" skipped="0">
  <testcase classname="TestNG.example6_softAssertClass2" name="TC1" time="0.016"/>
  <system-out/>
</testsuite> <!-- TestNG.example6_softAssertClass2 -->
