<?xml version="1.0" encoding="UTF-8"?>
<!-- Generated by org.testng.reporters.JUnitReportReporter -->
<testsuite hostname="DESKTOP-MO21HNP" failures="0" tests="3" name="MockTestNG.Parallel_Sample2" time="0.030" errors="0" timestamp="2022-12-29T15:46:25 PST" skipped="0">
  <testcase classname="MockTestNG.Parallel_Sample2" name="TC4" time="0.015"/>
  <system-out>
    <![CDATA[---Running TC4---]]>
  </system-out>
  <testcase classname="MockTestNG.Parallel_Sample2" name="TC6" time="0.013"/>
  <system-out>
    <![CDATA[---Running TC6---]]>
  </system-out>
  <testcase classname="MockTestNG.Parallel_Sample2" name="TC5" time="0.002"/>
  <system-out>
    <![CDATA[---Running TC5---]]>
  </system-out>
</testsuite> <!-- MockTestNG.Parallel_Sample2 -->
