<?xml version="1.0" encoding="UTF-8"?>
<!-- Generated by org.testng.reporters.JUnitReportReporter -->
<testsuite hostname="DESKTOP-MO21HNP" failures="0" tests="2" name="TestNG.example7_DisableTCExecutionFromTestSuite1" time="0.012" errors="0" timestamp="2022-12-19T10:03:16 PST" skipped="0">
  <testcase classname="TestNG.example7_DisableTCExecutionFromTestSuite1" name="TC3" time="0.002"/>
  <system-out>
    <![CDATA[running TC3]]>
  </system-out>
  <testcase classname="TestNG.example7_DisableTCExecutionFromTestSuite1" name="TC2" time="0.010"/>
  <system-out>
    <![CDATA[running TC2]]>
  </system-out>
</testsuite> <!-- TestNG.example7_DisableTCExecutionFromTestSuite1 -->
