<?xml version="1.0" encoding="UTF-8"?>
<!-- Generated by org.testng.reporters.JUnitReportReporter -->
<testsuite hostname="DESKTOP-MO21HNP" failures="0" tests="2" name="TestNG.example5_Keyword1_invocationCount" time="0.013" errors="0" timestamp="2022-12-14T18:01:28 PST" skipped="0">
  <testcase classname="TestNG.example5_Keyword1_invocationCount" name="TC1" time="0.002"/>
  <system-out>
    <![CDATA[running TC1]]>
  </system-out>
  <testcase classname="TestNG.example5_Keyword1_invocationCount" name="TC1" time="0.011"/>
  <system-out>
    <![CDATA[running TC1]]>
  </system-out>
</testsuite> <!-- TestNG.example5_Keyword1_invocationCount -->
