<?xml version="1.0" encoding="UTF-8"?>
<!-- Generated by org.testng.reporters.JUnitReportReporter -->
<testsuite hostname="DESKTOP-MO21HNP" failures="0" tests="1" name="TestNG.example7_DisableTCExecutionFromTestSuite" time="0.009" errors="0" timestamp="2022-12-19T09:18:08 PST" skipped="0">
  <testcase classname="TestNG.example7_DisableTCExecutionFromTestSuite" name="TC1" time="0.009"/>
  <system-out>
    <![CDATA[running TC1]]>
  </system-out>
</testsuite> <!-- TestNG.example7_DisableTCExecutionFromTestSuite -->
