<?xml version="1.0" encoding="UTF-8"?>
<!-- Generated by org.testng.reporters.JUnitReportReporter -->
<testsuite hostname="DESKTOP-MO21HNP" failures="0" tests="2" name="MockTestNG.Group1" time="0.011" errors="0" timestamp="2022-12-29T15:28:29 PST" skipped="0">
  <testcase classname="MockTestNG.Group1" name="TC1" time="0.010"/>
  <system-out>
    <![CDATA[---Running TC1---]]>
  </system-out>
  <testcase classname="MockTestNG.Group1" name="TC3" time="0.001"/>
  <system-out>
    <![CDATA[---Running TC3---]]>
  </system-out>
</testsuite> <!-- MockTestNG.Group1 -->
