<?xml version="1.0" encoding="UTF-8"?>
<!-- Generated by org.testng.reporters.JUnitReportReporter -->
<testsuite hostname="DESKTOP-MO21HNP" failures="0" tests="2" name="MockTestNG.Disabled_TestCases_By_using_Exclude" time="0.014" errors="0" timestamp="2022-12-29T15:01:03 PST" skipped="0">
  <testcase classname="MockTestNG.Disabled_TestCases_By_using_Exclude" name="TC3" time="0.001"/>
  <system-out>
    <![CDATA[---Running TC3---]]>
  </system-out>
  <testcase classname="MockTestNG.Disabled_TestCases_By_using_Exclude" name="TC1" time="0.013"/>
  <system-out>
    <![CDATA[---Running TC1---]]>
  </system-out>
</testsuite> <!-- MockTestNG.Disabled_TestCases_By_using_Exclude -->
