<?xml version="1.0" encoding="UTF-8"?>
<!-- Generated by org.testng.reporters.JUnitReportReporter -->
<testsuite hostname="DESKTOP-MO21HNP" failures="0" tests="3" name="TestNG.example7_DisabledTCExecutionFromTestClass1" time="0.011" errors="0" timestamp="2022-12-19T09:50:41 PST" skipped="1">
  <testcase classname="TestNG.example7_DisabledTCExecutionFromTestClass1" name="TC2" time="0.001"/>
  <system-out>
    <![CDATA[running TC2]]>
  </system-out>
  <testcase classname="TestNG.example7_DisabledTCExecutionFromTestClass1" name="TC1" time="0.010"/>
  <system-out>
    <![CDATA[running TC1]]>
  </system-out>
  <testcase classname="TestNG.example7_DisabledTCExecutionFromTestClass1" name="TC3">
    <skipped/>
  </testcase> <!-- TC3 -->
  <system-out/>
</testsuite> <!-- TestNG.example7_DisabledTCExecutionFromTestClass1 -->
