<?xml version="1.0" encoding="UTF-8"?>
<!-- Generated by org.testng.reporters.JUnitReportReporter -->
<testsuite hostname="DESKTOP-MO21HNP" failures="0" tests="3" name="TestNG.example5_Keyword5_dependsOnMethod2" time="0.013" errors="0" timestamp="2022-12-15T22:04:20 PST" skipped="0">
  <testcase classname="TestNG.example5_Keyword5_dependsOnMethod2" name="login1" time="0.008"/>
  <system-out>
    <![CDATA[---running login1 TC---]]>
  </system-out>
  <testcase classname="TestNG.example5_Keyword5_dependsOnMethod2" name="login2" time="0.003"/>
  <system-out>
    <![CDATA[---running login2 TC---]]>
  </system-out>
  <testcase classname="TestNG.example5_Keyword5_dependsOnMethod2" name="logout" time="0.002"/>
  <system-out>
    <![CDATA[---running logout TC---]]>
  </system-out>
</testsuite> <!-- TestNG.example5_Keyword5_dependsOnMethod2 -->
