<?xml version="1.0" encoding="UTF-8"?>
<!-- Generated by org.testng.reporters.JUnitReportReporter -->
<testsuite hostname="DESKTOP-MO21HNP" failures="0" tests="2" name="TestNG.example11_MultiBrowserTesting" time="50.416" errors="0" timestamp="2022-12-21T10:30:24 PST" skipped="0">
  <testcase classname="TestNG.example11_MultiBrowserTesting" name="OpenApp" time="29.021"/>
  <system-out/>
  <testcase classname="TestNG.example11_MultiBrowserTesting" name="OpenApp" time="21.395"/>
  <system-out/>
</testsuite> <!-- TestNG.example11_MultiBrowserTesting -->
