<?xml version="1.0" encoding="UTF-8"?>
<!-- Generated by org.testng.reporters.JUnitReportReporter -->
<testsuite hostname="DESKTOP-MO21HNP" failures="0" tests="1" name="POM_DDF_TestNG_BaseClass_UtilityClass_PropertyFile_FailedTCess.PB12TestClass" time="11.060" errors="0" timestamp="2022-12-26T11:39:10 PST" skipped="0">
  <testcase classname="POM_DDF_TestNG_BaseClass_UtilityClass_PropertyFile_FailedTCess.PB12TestClass" name="VerifyName" time="11.060"/>
  <system-out/>
</testsuite> <!-- POM_DDF_TestNG_BaseClass_UtilityClass_PropertyFile_FailedTCess.PB12TestClass -->
