<?xml version="1.0" encoding="UTF-8"?>
<!-- Generated by org.testng.reporters.JUnitReportReporter -->
<testsuite hostname="DESKTOP-MO21HNP" failures="0" tests="1" name="TestNG.example2_exampleOfTestNGTestClass" time="10.720" errors="0" timestamp="2022-12-12T21:53:13 PST" skipped="0">
  <testcase classname="TestNG.example2_exampleOfTestNGTestClass" name="openApplication" time="10.720"/>
  <system-out/>
</testsuite> <!-- TestNG.example2_exampleOfTestNGTestClass -->
