<?xml version="1.0" encoding="UTF-8"?>
<!-- Generated by org.testng.reporters.JUnitReportReporter -->
<testsuite hostname="DESKTOP-MO21HNP" failures="0" tests="1" name="TestNG.example22_exampleOfTestNGTestClass" time="10.496" errors="0" timestamp="2022-12-12T22:21:12 PST" skipped="0">
  <testcase classname="TestNG.example22_exampleOfTestNGTestClass" name="openApplication" time="10.496"/>
  <system-out/>
</testsuite> <!-- TestNG.example22_exampleOfTestNGTestClass -->
