<?xml version="1.0" encoding="UTF-8"?>
<!-- Generated by org.testng.reporters.JUnitReportReporter -->
<testsuite hostname="DESKTOP-MO21HNP" failures="0" tests="1" name="TestNG.example9_grouping1" time="0.002" errors="0" timestamp="2022-12-20T08:14:03 PST" skipped="0">
  <testcase classname="TestNG.example9_grouping1" name="TC4" time="0.002"/>
  <system-out>
    <![CDATA[running TC4]]>
  </system-out>
</testsuite> <!-- TestNG.example9_grouping1 -->
