<?xml version="1.0" encoding="UTF-8"?>
<!-- Generated by org.testng.reporters.JUnitReportReporter -->
<testsuite hostname="DESKTOP-MO21HNP" failures="0" tests="3" name="MockTestNG.DependsOnMethods" time="0.014" errors="0" timestamp="2022-12-29T14:33:12 PST" skipped="0">
  <testcase classname="MockTestNG.DependsOnMethods" name="TC2" time="0.010"/>
  <system-out>
    <![CDATA[---Running TC2---]]>
  </system-out>
  <testcase classname="MockTestNG.DependsOnMethods" name="TC3" time="0.003"/>
  <system-out>
    <![CDATA[---Running TC3---]]>
  </system-out>
  <testcase classname="MockTestNG.DependsOnMethods" name="TC1" time="0.001"/>
  <system-out>
    <![CDATA[---Running TC1---]]>
  </system-out>
</testsuite> <!-- MockTestNG.DependsOnMethods -->
