<?xml version="1.0" encoding="UTF-8"?>
<!-- Generated by org.testng.reporters.JUnitReportReporter -->
<testsuite hostname="DESKTOP-MO21HNP" failures="0" tests="1" name="TestNG.example8_Sample3" time="0.002" errors="0" timestamp="2022-12-19T10:12:11 PST" skipped="0">
  <testcase classname="TestNG.example8_Sample3" name="TC1" time="0.002"/>
  <system-out>
    <![CDATA[running TC1]]>
  </system-out>
</testsuite> <!-- TestNG.example8_Sample3 -->
