<?xml version="1.0" encoding="UTF-8"?>
<!-- Generated by org.testng.reporters.JUnitReportReporter -->
<testsuite hostname="DESKTOP-MO21HNP" failures="0" tests="6" name="TestNG.example5_Keyword11_InvocationCount" time="0.025" errors="0" timestamp="2022-12-15T09:12:58 PST" skipped="0">
  <testcase classname="TestNG.example5_Keyword11_InvocationCount" name="verifyName1" time="0.005"/>
  <system-out>
    <![CDATA[--Verify Name1---]]>
  </system-out>
  <testcase classname="TestNG.example5_Keyword11_InvocationCount" name="VerifyName3" time="0.011"/>
  <system-out>
    <![CDATA[---Verify Name3---]]>
  </system-out>
  <testcase classname="TestNG.example5_Keyword11_InvocationCount" name="verifyName1" time="0.001"/>
  <system-out>
    <![CDATA[--Verify Name1---]]>
  </system-out>
  <testcase classname="TestNG.example5_Keyword11_InvocationCount" name="verifyName2" time="0.003"/>
  <system-out>
    <![CDATA[---Verify Name2---]]>
  </system-out>
  <testcase classname="TestNG.example5_Keyword11_InvocationCount" name="verifyName2" time="0.003"/>
  <system-out>
    <![CDATA[---Verify Name2---]]>
  </system-out>
  <testcase classname="TestNG.example5_Keyword11_InvocationCount" name="verifyName2" time="0.002"/>
  <system-out>
    <![CDATA[---Verify Name2---]]>
  </system-out>
</testsuite> <!-- TestNG.example5_Keyword11_InvocationCount -->
