<?xml version="1.0" encoding="UTF-8"?>
<!-- Generated by org.testng.reporters.JUnitReportReporter -->
<testsuite hostname="DESKTOP-MO21HNP" failures="0" tests="1" name="TestNG.example6_softAssertClass111" time="0.014" errors="0" timestamp="2022-12-19T08:39:29 PST" skipped="0">
  <testcase classname="TestNG.example6_softAssertClass111" name="TC" time="0.014"/>
  <system-out/>
</testsuite> <!-- TestNG.example6_softAssertClass111 -->
