<?xml version="1.0" encoding="UTF-8"?>
<!-- Generated by org.testng.reporters.JUnitReportReporter -->
<testsuite hostname="DESKTOP-MO21HNP" failures="0" tests="2" name="TestNG.example4_TestNGAnnotations" time="0.012" errors="0" timestamp="2022-12-14T17:54:14 PST" skipped="0">
  <testcase classname="TestNG.example4_TestNGAnnotations" name="verifyProfileName2" time="0.006"/>
  <system-out>
    <![CDATA[running verifyProfileName2 test case]]>
  </system-out>
  <testcase classname="TestNG.example4_TestNGAnnotations" name="verifyProfileName1" time="0.006"/>
  <system-out>
    <![CDATA[running verifyProfileName1 test case]]>
  </system-out>
</testsuite> <!-- TestNG.example4_TestNGAnnotations -->
