<?xml version="1.0" encoding="UTF-8"?>
<!-- Generated by org.testng.reporters.JUnitReportReporter -->
<testsuite hostname="DESKTOP-MO21HNP" failures="0" tests="3" name="MockTestNG.Emailable_Report" time="0.015" errors="0" timestamp="2022-12-29T14:46:30 PST" skipped="0">
  <testcase classname="MockTestNG.Emailable_Report" name="TC2" time="0.002"/>
  <system-out>
    <![CDATA[---Running TC2---]]>
  </system-out>
  <testcase classname="MockTestNG.Emailable_Report" name="TC1" time="0.011"/>
  <system-out>
    <![CDATA[---Running TC1---]]>
  </system-out>
  <testcase classname="MockTestNG.Emailable_Report" name="TC3" time="0.002"/>
  <system-out>
    <![CDATA[---Running TC3---]]>
  </system-out>
</testsuite> <!-- MockTestNG.Emailable_Report -->
