<?xml version="1.0" encoding="UTF-8"?>
<!-- Generated by org.testng.reporters.JUnitReportReporter -->
<testsuite hostname="DESKTOP-MO21HNP" failures="0" tests="2" name="TestNG.example11_MultipleBrowserTesting4" time="74.651" errors="0" timestamp="2023-01-07T11:57:09 PST" skipped="0">
  <testcase classname="TestNG.example11_MultipleBrowserTesting4" name="OpenApp" time="46.067"/>
  <system-out/>
  <testcase classname="TestNG.example11_MultipleBrowserTesting4" name="OpenApp" time="28.584"/>
  <system-out/>
</testsuite> <!-- TestNG.example11_MultipleBrowserTesting4 -->
